# JRE version: Java(TM) SE Runtime Environment (8.0_05-b13) (build 1.8.0_05-b13)
# Java VM: Java HotSpot(TM) 64-Bit Server VM (25.5-b02 mixed mode linux-amd64 compressed oops)
Heap:
 PSYoungGen      total 51712K, used 31014K [0x000000076ca00000, 0x0000000782300000, 0x00000007c0000000)
  eden space 51200K, 60% used [0x000000076ca00000,0x000000076e809ab0,0x000000076fc00000)
  from space 512K, 50% used [0x0000000782200000,0x0000000782240000,0x0000000782280000)
  to   space 512K, 0% used [0x0000000782280000,0x0000000782280000,0x0000000782300000)
 ParOldGen       total 199168K, used 168242K [0x00000006c5e00000, 0x00000006d2080000, 0x000000076ca00000)
  object space 199168K, 84% used [0x00000006c5e00000,0x00000006d024c8e0,0x00000006d2080000)
 Metaspace       used 24422K, capacity 24647K, committed 25008K, reserved 1071104K
  class space    used 2634K, capacity 2686K, committed 2736K, reserved 1048576K
GC Heap History (10 events):
Event: 270.133 GC heap before
{Heap before GC invocations=434 (full 5):
 PSYoungGen      total 47616K, used 47328K [0x000000076ca00000, 0x0000000782300000, 0x00000007c0000000)
  eden space 47104K, 100% used [0x000000076ca00000,0x000000076f800000,0x000000076f800000)
  from space 512K, 43% used [0x0000000782280000,0x00000007822b8000,0x0000000782300000)
  to   space 512K, 0% used [0x0000000782200000,0x0000000782200000,0x0000000782280000)
 ParOldGen       total 199168K, used 168202K [0x00000006c5e00000, 0x00000006d2080000, 0x000000076ca00000)
  object space 199168K, 84% used [0x00000006c5e00000,0x00000006d02428e0,0x00000006d2080000)
 Metaspace       used 24420K, capacity 24647K, committed 25008K, reserved 1071104K
  class space    used 2634K, capacity 2686K, committed 2736K, reserved 1048576K
Event: 270.136 GC heap after
Heap after GC invocations=434 (full 5):
 PSYoungGen      total 49152K, used 192K [0x000000076ca00000, 0x0000000782300000, 0x00000007c0000000)
  eden space 48640K, 0% used [0x000000076ca00000,0x000000076ca00000,0x000000076f980000)
  from space 512K, 37% used [0x0000000782200000,0x0000000782230000,0x0000000782280000)
  to   space 512K, 0% used [0x0000000782280000,0x0000000782280000,0x0000000782300000)
 ParOldGen       total 199168K, used 168202K [0x00000006c5e00000, 0x00000006d2080000, 0x000000076ca00000)
  object space 199168K, 84% used [0x00000006c5e00000,0x00000006d02428e0,0x00000006d2080000)
 Metaspace       used 24420K, capacity 24647K, committed 25008K, reserved 1071104K
  class space    used 2634K, capacity 2686K, committed 2736K, reserved 1048576K
}
Event: 270.433 GC heap before
{Heap before GC invocations=435 (full 5):
 PSYoungGen      total 49152K, used 48832K [0x000000076ca00000, 0x0000000782300000, 0x00000007c0000000)
  eden space 48640K, 100% used [0x000000076ca00000,0x000000076f980000,0x000000076f980000)
  from space 512K, 37% used [0x0000000782200000,0x0000000782230000,0x0000000782280000)
  to   space 512K, 0% used [0x0000000782280000,0x0000000782280000,0x0000000782300000)
 ParOldGen       total 199168K, used 168202K [0x00000006c5e00000, 0x00000006d2080000, 0x000000076ca00000)
  object space 199168K, 84% used [0x00000006c5e00000,0x00000006d02428e0,0x00000006d2080000)
 Metaspace       used 24420K, capacity 24647K, committed 25008K, reserved 1071104K
  class space    used 2634K, capacity 2686K, committed 2736K, reserved 1048576K
Event: 270.435 GC heap after
Heap after GC invocations=435 (full 5):
 PSYoungGen      total 50688K, used 256K [0x000000076ca00000, 0x0000000782300000, 0x00000007c0000000)
  eden space 50176K, 0% used [0x000000076ca00000,0x000000076ca00000,0x000000076fb00000)
  from space 512K, 50% used [0x0000000782280000,0x00000007822c0000,0x0000000782300000)
  to   space 512K, 0% used [0x0000000782200000,0x0000000782200000,0x0000000782280000)
 ParOldGen       total 199168K, used 168202K [0x00000006c5e00000, 0x00000006d2080000, 0x000000076ca00000)
  object space 199168K, 84% used [0x00000006c5e00000,0x00000006d02428e0,0x00000006d2080000)
 Metaspace       used 24420K, capacity 24647K, committed 25008K, reserved 1071104K
  class space    used 2634K, capacity 2686K, committed 2736K, reserved 1048576K
}
Event: 270.733 GC heap before
{Heap before GC invocations=436 (full 5):
 PSYoungGen      total 50688K, used 50432K [0x000000076ca00000, 0x0000000782300000, 0x00000007c0000000)
  eden space 50176K, 100% used [0x000000076ca00000,0x000000076fb00000,0x000000076fb00000)
  from space 512K, 50% used [0x0000000782280000,0x00000007822c0000,0x0000000782300000)
  to   space 512K, 0% used [0x0000000782200000,0x0000000782200000,0x0000000782280000)
 ParOldGen       total 199168K, used 168202K [0x00000006c5e00000, 0x00000006d2080000, 0x000000076ca00000)
  object space 199168K, 84% used [0x00000006c5e00000,0x00000006d02428e0,0x00000006d2080000)
 Metaspace       used 24420K, capacity 24647K, committed 25008K, reserved 1071104K
  class space    used 2634K, capacity 2686K, committed 2736K, reserved 1048576K
Event: 270.734 GC heap after
Heap after GC invocations=436 (full 5):
 PSYoungGen      total 48640K, used 224K [0x000000076ca00000, 0x0000000782300000, 0x00000007c0000000)
  eden space 48128K, 0% used [0x000000076ca00000,0x000000076ca00000,0x000000076f900000)
  from space 512K, 43% used [0x0000000782200000,0x0000000782238000,0x0000000782280000)
  to   space 512K, 0% used [0x0000000782280000,0x0000000782280000,0x0000000782300000)
 ParOldGen       total 199168K, used 168202K [0x00000006c5e00000, 0x00000006d2080000, 0x000000076ca00000)
  object space 199168K, 84% used [0x00000006c5e00000,0x00000006d02428e0,0x00000006d2080000)
 Metaspace       used 24420K, capacity 24647K, committed 25008K, reserved 1071104K
  class space    used 2634K, capacity 2686K, committed 2736K, reserved 1048576K
}
Event: 271.030 GC heap before
{Heap before GC invocations=437 (full 5):
 PSYoungGen      total 48640K, used 48352K [0x000000076ca00000, 0x0000000782300000, 0x00000007c0000000)
  eden space 48128K, 100% used [0x000000076ca00000,0x000000076f900000,0x000000076f900000)
  from space 512K, 43% used [0x0000000782200000,0x0000000782238000,0x0000000782280000)
  to   space 512K, 0% used [0x0000000782280000,0x0000000782280000,0x0000000782300000)
 ParOldGen       total 199168K, used 168202K [0x00000006c5e00000, 0x00000006d2080000, 0x000000076ca00000)
  object space 199168K, 84% used [0x00000006c5e00000,0x00000006d02428e0,0x00000006d2080000)
 Metaspace       used 24422K, capacity 24647K, committed 25008K, reserved 1071104K
  class space    used 2634K, capacity 2686K, committed 2736K, reserved 1048576K
Event: 271.033 GC heap after
Heap after GC invocations=437 (full 5):
 PSYoungGen      total 50176K, used 224K [0x000000076ca00000, 0x0000000782300000, 0x00000007c0000000)
  eden space 49664K, 0% used [0x000000076ca00000,0x000000076ca00000,0x000000076fa80000)
  from space 512K, 43% used [0x0000000782280000,0x00000007822b8000,0x0000000782300000)
  to   space 512K, 0% used [0x0000000782200000,0x0000000782200000,0x0000000782280000)
 ParOldGen       total 199168K, used 168242K [0x00000006c5e00000, 0x00000006d2080000, 0x000000076ca00000)
  object space 199168K, 84% used [0x00000006c5e00000,0x00000006d024c8e0,0x00000006d2080000)
 Metaspace       used 24422K, capacity 24647K, committed 25008K, reserved 1071104K
  class space    used 2634K, capacity 2686K, committed 2736K, reserved 1048576K
}
Event: 271.329 GC heap before
{Heap before GC invocations=438 (full 5):
 PSYoungGen      total 50176K, used 49888K [0x000000076ca00000, 0x0000000782300000, 0x00000007c0000000)
  eden space 49664K, 100% used [0x000000076ca00000,0x000000076fa80000,0x000000076fa80000)
  from space 512K, 43% used [0x0000000782280000,0x00000007822b8000,0x0000000782300000)
  to   space 512K, 0% used [0x0000000782200000,0x0000000782200000,0x0000000782280000)
 ParOldGen       total 199168K, used 168242K [0x00000006c5e00000, 0x00000006d2080000, 0x000000076ca00000)
  object space 199168K, 84% used [0x00000006c5e00000,0x00000006d024c8e0,0x00000006d2080000)
 Metaspace       used 24422K, capacity 24647K, committed 25008K, reserved 1071104K
  class space    used 2634K, capacity 2686K, committed 2736K, reserved 1048576K
Event: 271.332 GC heap after
Heap after GC invocations=438 (full 5):
 PSYoungGen      total 51712K, used 256K [0x000000076ca00000, 0x0000000782300000, 0x00000007c0000000)
  eden space 51200K, 0% used [0x000000076ca00000,0x000000076ca00000,0x000000076fc00000)
  from space 512K, 50% used [0x0000000782200000,0x0000000782240000,0x0000000782280000)
  to   space 512K, 0% used [0x0000000782280000,0x0000000782280000,0x0000000782300000)
 ParOldGen       total 199168K, used 168242K [0x00000006c5e00000, 0x00000006d2080000, 0x000000076ca00000)
  object space 199168K, 84% used [0x00000006c5e00000,0x00000006d024c8e0,0x00000006d2080000)
 Metaspace       used 24422K, capacity 24647K, committed 25008K, reserved 1071104K
  class space    used 2634K, capacity 2686K, committed 2736K, reserved 1048576K
}

