# JRE version: Java(TM) SE Runtime Environment (8.0_05-b13) (build 1.8.0_05-b13)
# Java VM: Java HotSpot(TM) 64-Bit Server VM (25.5-b02 mixed mode linux-amd64 compressed oops)
Heap:
 PSYoungGen      total 203776K, used 81634K [0x000000076ca00000, 0x000000077b600000, 0x00000007c0000000)
  eden space 177152K, 35% used [0x000000076ca00000,0x00000007707b5500,0x0000000777700000)
  from space 26624K, 69% used [0x0000000777700000,0x0000000778903320,0x0000000779100000)
  to   space 28672K, 0% used [0x0000000779a00000,0x0000000779a00000,0x000000077b600000)
 ParOldGen       total 186880K, used 142016K [0x00000006c5e00000, 0x00000006d1480000, 0x000000076ca00000)
  object space 186880K, 75% used [0x00000006c5e00000,0x00000006ce8b0200,0x00000006d1480000)
 Metaspace       used 23765K, capacity 24001K, committed 24240K, reserved 1071104K
  class space    used 2618K, capacity 2685K, committed 2736K, reserved 1048576K
GC Heap History (10 events):
Event: 8.737 GC heap before
{Heap before GC invocations=45 (full 5):
 PSYoungGen      total 181248K, used 163661K [0x000000076ca00000, 0x0000000779980000, 0x00000007c0000000)
  eden space 163840K, 99% used [0x000000076ca00000,0x00000007769d36e8,0x0000000776a00000)
  from space 17408K, 0% used [0x0000000776a00000,0x0000000776a00000,0x0000000777b00000)
  to   space 19456K, 0% used [0x0000000778680000,0x0000000778680000,0x0000000779980000)
 ParOldGen       total 150016K, used 108736K [0x00000006c5e00000, 0x00000006cf080000, 0x000000076ca00000)
  object space 150016K, 72% used [0x00000006c5e00000,0x00000006cc8302a0,0x00000006cf080000)
 Metaspace       used 22937K, capacity 23169K, committed 23472K, reserved 1071104K
  class space    used 2562K, capacity 2621K, committed 2736K, reserved 1048576K
Event: 8.748 GC heap after
Heap after GC invocations=45 (full 5):
 PSYoungGen      total 189440K, used 19392K [0x000000076ca00000, 0x000000077a080000, 0x00000007c0000000)
  eden space 169984K, 0% used [0x000000076ca00000,0x000000076ca00000,0x0000000777000000)
  from space 19456K, 99% used [0x0000000778680000,0x00000007799701e8,0x0000000779980000)
  to   space 23040K, 0% used [0x0000000777000000,0x0000000777000000,0x0000000778680000)
 ParOldGen       total 150016K, used 129023K [0x00000006c5e00000, 0x00000006cf080000, 0x000000076ca00000)
  object space 150016K, 86% used [0x00000006c5e00000,0x00000006cdbffe80,0x00000006cf080000)
 Metaspace       used 22937K, capacity 23169K, committed 23472K, reserved 1071104K
  class space    used 2562K, capacity 2621K, committed 2736K, reserved 1048576K
}
Event: 8.748 GC heap before
{Heap before GC invocations=46 (full 6):
 PSYoungGen      total 189440K, used 19392K [0x000000076ca00000, 0x000000077a080000, 0x00000007c0000000)
  eden space 169984K, 0% used [0x000000076ca00000,0x000000076ca00000,0x0000000777000000)
  from space 19456K, 99% used [0x0000000778680000,0x00000007799701e8,0x0000000779980000)
  to   space 23040K, 0% used [0x0000000777000000,0x0000000777000000,0x0000000778680000)
 ParOldGen       total 150016K, used 129023K [0x00000006c5e00000, 0x00000006cf080000, 0x000000076ca00000)
  object space 150016K, 86% used [0x00000006c5e00000,0x00000006cdbffe80,0x00000006cf080000)
 Metaspace       used 22937K, capacity 23169K, committed 23472K, reserved 1071104K
  class space    used 2562K, capacity 2621K, committed 2736K, reserved 1048576K
Event: 8.797 GC heap after
Heap after GC invocations=46 (full 6):
 PSYoungGen      total 189440K, used 0K [0x000000076ca00000, 0x000000077a080000, 0x00000007c0000000)
  eden space 169984K, 0% used [0x000000076ca00000,0x000000076ca00000,0x0000000777000000)
  from space 19456K, 0% used [0x0000000778680000,0x0000000778680000,0x0000000779980000)
  to   space 23040K, 0% used [0x0000000777000000,0x0000000777000000,0x0000000778680000)
 ParOldGen       total 186880K, used 141992K [0x00000006c5e00000, 0x00000006d1480000, 0x000000076ca00000)
  object space 186880K, 75% used [0x00000006c5e00000,0x00000006ce8aa200,0x00000006d1480000)
 Metaspace       used 22937K, capacity 23169K, committed 23472K, reserved 1071104K
  class space    used 2562K, capacity 2621K, committed 2736K, reserved 1048576K
}
Event: 9.883 GC heap before
{Heap before GC invocations=47 (full 6):
 PSYoungGen      total 189440K, used 169984K [0x000000076ca00000, 0x000000077a080000, 0x00000007c0000000)
  eden space 169984K, 100% used [0x000000076ca00000,0x0000000777000000,0x0000000777000000)
  from space 19456K, 0% used [0x0000000778680000,0x0000000778680000,0x0000000779980000)
  to   space 23040K, 0% used [0x0000000777000000,0x0000000777000000,0x0000000778680000)
 ParOldGen       total 186880K, used 141992K [0x00000006c5e00000, 0x00000006d1480000, 0x000000076ca00000)
  object space 186880K, 75% used [0x00000006c5e00000,0x00000006ce8aa200,0x00000006d1480000)
 Metaspace       used 23630K, capacity 23873K, committed 24240K, reserved 1071104K
  class space    used 2616K, capacity 2685K, committed 2736K, reserved 1048576K
Event: 9.893 GC heap after
Heap after GC invocations=47 (full 6):
 PSYoungGen      total 193024K, used 16466K [0x000000076ca00000, 0x000000077a980000, 0x00000007c0000000)
  eden space 169984K, 0% used [0x000000076ca00000,0x000000076ca00000,0x0000000777000000)
  from space 23040K, 71% used [0x0000000777000000,0x0000000778014bd8,0x0000000778680000)
  to   space 25088K, 0% used [0x0000000779100000,0x0000000779100000,0x000000077a980000)
 ParOldGen       total 186880K, used 142000K [0x00000006c5e00000, 0x00000006d1480000, 0x000000076ca00000)
  object space 186880K, 75% used [0x00000006c5e00000,0x00000006ce8ac200,0x00000006d1480000)
 Metaspace       used 23630K, capacity 23873K, committed 24240K, reserved 1071104K
  class space    used 2616K, capacity 2685K, committed 2736K, reserved 1048576K
}
Event: 11.049 GC heap before
{Heap before GC invocations=48 (full 6):
 PSYoungGen      total 193024K, used 186450K [0x000000076ca00000, 0x000000077a980000, 0x00000007c0000000)
  eden space 169984K, 100% used [0x000000076ca00000,0x0000000777000000,0x0000000777000000)
  from space 23040K, 71% used [0x0000000777000000,0x0000000778014bd8,0x0000000778680000)
  to   space 25088K, 0% used [0x0000000779100000,0x0000000779100000,0x000000077a980000)
 ParOldGen       total 186880K, used 142000K [0x00000006c5e00000, 0x00000006d1480000, 0x000000076ca00000)
  object space 186880K, 75% used [0x00000006c5e00000,0x00000006ce8ac200,0x00000006d1480000)
 Metaspace       used 23692K, capacity 23937K, committed 24240K, reserved 1071104K
  class space    used 2616K, capacity 2685K, committed 2736K, reserved 1048576K
Event: 11.060 GC heap after
Heap after GC invocations=48 (full 6):
 PSYoungGen      total 202240K, used 17153K [0x000000076ca00000, 0x000000077ab80000, 0x00000007c0000000)
  eden space 177152K, 0% used [0x000000076ca00000,0x000000076ca00000,0x0000000777700000)
  from space 25088K, 68% used [0x0000000779100000,0x000000077a1c0540,0x000000077a980000)
  to   space 26624K, 0% used [0x0000000777700000,0x0000000777700000,0x0000000779100000)
 ParOldGen       total 186880K, used 142008K [0x00000006c5e00000, 0x00000006d1480000, 0x000000076ca00000)
  object space 186880K, 75% used [0x00000006c5e00000,0x00000006ce8ae200,0x00000006d1480000)
 Metaspace       used 23692K, capacity 23937K, committed 24240K, reserved 1071104K
  class space    used 2616K, capacity 2685K, committed 2736K, reserved 1048576K
}
Event: 12.289 GC heap before
{Heap before GC invocations=49 (full 6):
 PSYoungGen      total 202240K, used 194305K [0x000000076ca00000, 0x000000077ab80000, 0x00000007c0000000)
  eden space 177152K, 100% used [0x000000076ca00000,0x0000000777700000,0x0000000777700000)
  from space 25088K, 68% used [0x0000000779100000,0x000000077a1c0540,0x000000077a980000)
  to   space 26624K, 0% used [0x0000000777700000,0x0000000777700000,0x0000000779100000)
 ParOldGen       total 186880K, used 142008K [0x00000006c5e00000, 0x00000006d1480000, 0x000000076ca00000)
  object space 186880K, 75% used [0x00000006c5e00000,0x00000006ce8ae200,0x00000006d1480000)
 Metaspace       used 23762K, capacity 24001K, committed 24240K, reserved 1071104K
  class space    used 2618K, capacity 2685K, committed 2736K, reserved 1048576K
Event: 12.298 GC heap after
Heap after GC invocations=49 (full 6):
 PSYoungGen      total 203776K, used 18444K [0x000000076ca00000, 0x000000077b600000, 0x00000007c0000000)
  eden space 177152K, 0% used [0x000000076ca00000,0x000000076ca00000,0x0000000777700000)
  from space 26624K, 69% used [0x0000000777700000,0x0000000778903320,0x0000000779100000)
  to   space 28672K, 0% used [0x0000000779a00000,0x0000000779a00000,0x000000077b600000)
 ParOldGen       total 186880K, used 142016K [0x00000006c5e00000, 0x00000006d1480000, 0x000000076ca00000)
  object space 186880K, 75% used [0x00000006c5e00000,0x00000006ce8b0200,0x00000006d1480000)
 Metaspace       used 23762K, capacity 24001K, committed 24240K, reserved 1071104K
  class space    used 2618K, capacity 2685K, committed 2736K, reserved 1048576K
}

